
> flowify@0.1.0 dev:api
> npm --workspace apps/api run dev


> @flowify/api@0.1.0 dev
> node --watch src/server.js

node:events:487
      throw er; // Unhandled 'error' event
      ^

Error: listen EADDRINUSE: address already in use :::8787
    at Server.setupListenHandle [as _listen2] (node:net:2008:16)
    at listenInCluster (node:net:2065:12)
    at Server.listen (node:net:2170:7)
    at app.listen (C:\Users\kylli\Documents\App Music\node_modules\express\lib\application.js:635:24)
    at file:///C:/Users/kylli/Documents/App%20Music/apps/api/src/server.js:207:5
    at ModuleJob.run (node:internal/modules/esm/module_job:439:25)
    at process.processTicksAndRejections (node:internal/process/task_queues:104:5)
    at async node:internal/modules/esm/loader:633:26
    at async asyncRunEntryPointWithESMLoader (node:internal/modules/run_main:101:5)
Emitted 'error' event on Server instance at:
    at emitErrorNT (node:net:2044:8)
    at process.processTicksAndRejections (node:internal/process/task_queues:90:21) {
  code: 'EADDRINUSE',
  errno: -4091,
  syscall: 'listen',
  address: '::',
  port: 8787
}

Node.js v24.16.0
Failed running 'src/server.js'. Waiting for file changes before restarting...
